Determining if the pthread_create exist failed with the following output:
Change Dir: /home/dtchorni/Documents/New_Raytracer/shared/glfw-3.1.1/build/CMakeFiles/CMakeTmp

Run Build Command:"/usr/bin/make" "cmTC_f9b91/fast"
/usr/bin/make -f CMakeFiles/cmTC_f9b91.dir/build.make CMakeFiles/cmTC_f9b91.dir/build
make[1]: Entering directory '/home/dtchorni/Documents/New_Raytracer/shared/glfw-3.1.1/build/CMakeFiles/CMakeTmp'
Building C object CMakeFiles/cmTC_f9b91.dir/CheckSymbolExists.c.o
/usr/bin/cc    -o CMakeFiles/cmTC_f9b91.dir/CheckSymbolExists.c.o   -c /home/dtchorni/Documents/New_Raytracer/shared/glfw-3.1.1/build/CMakeFiles/CMakeTmp/CheckSymbolExists.c
Linking C executable cmTC_f9b91
/usr/bin/cmake -E cmake_link_script CMakeFiles/cmTC_f9b91.dir/link.txt --verbose=1
/usr/bin/cc      -rdynamic CMakeFiles/cmTC_f9b91.dir/CheckSymbolExists.c.o  -o cmTC_f9b91 
CMakeFiles/cmTC_f9b91.dir/CheckSymbolExists.c.o: In function `main':
CheckSymbolExists.c:(.text+0x1b): undefined reference to `pthread_create'
collect2: error: ld returned 1 exit status
CMakeFiles/cmTC_f9b91.dir/build.make:97: recipe for target 'cmTC_f9b91' failed
make[1]: *** [cmTC_f9b91] Error 1
make[1]: Leaving directory '/home/dtchorni/Documents/New_Raytracer/shared/glfw-3.1.1/build/CMakeFiles/CMakeTmp'
Makefile:126: recipe for target 'cmTC_f9b91/fast' failed
make: *** [cmTC_f9b91/fast] Error 2

File /home/dtchorni/Documents/New_Raytracer/shared/glfw-3.1.1/build/CMakeFiles/CMakeTmp/CheckSymbolExists.c:
/* */
#include <pthread.h>

int main(int argc, char** argv)
{
  (void)argv;
#ifndef pthread_create
  return ((int*)(&pthread_create))[argc];
#else
  (void)argc;
  return 0;
#endif
}

Determining if the function pthread_create exists in the pthreads failed with the following output:
Change Dir: /home/dtchorni/Documents/New_Raytracer/shared/glfw-3.1.1/build/CMakeFiles/CMakeTmp

Run Build Command:"/usr/bin/make" "cmTC_05c73/fast"
/usr/bin/make -f CMakeFiles/cmTC_05c73.dir/build.make CMakeFiles/cmTC_05c73.dir/build
make[1]: Entering directory '/home/dtchorni/Documents/New_Raytracer/shared/glfw-3.1.1/build/CMakeFiles/CMakeTmp'
Building C object CMakeFiles/cmTC_05c73.dir/CheckFunctionExists.c.o
/usr/bin/cc   -DCHECK_FUNCTION_EXISTS=pthread_create   -o CMakeFiles/cmTC_05c73.dir/CheckFunctionExists.c.o   -c /usr/share/cmake-3.10/Modules/CheckFunctionExists.c
Linking C executable cmTC_05c73
/usr/bin/cmake -E cmake_link_script CMakeFiles/cmTC_05c73.dir/link.txt --verbose=1
/usr/bin/cc  -DCHECK_FUNCTION_EXISTS=pthread_create    -rdynamic CMakeFiles/cmTC_05c73.dir/CheckFunctionExists.c.o  -o cmTC_05c73 -lpthreads 
/usr/bin/ld: cannot find -lpthreads
collect2: error: ld returned 1 exit status
CMakeFiles/cmTC_05c73.dir/build.make:97: recipe for target 'cmTC_05c73' failed
make[1]: *** [cmTC_05c73] Error 1
make[1]: Leaving directory '/home/dtchorni/Documents/New_Raytracer/shared/glfw-3.1.1/build/CMakeFiles/CMakeTmp'
Makefile:126: recipe for target 'cmTC_05c73/fast' failed
make: *** [cmTC_05c73/fast] Error 2


Determining if the function glXGetProcAddressEXT exists failed with the following output:
Change Dir: /home/dtchorni/Documents/New_Raytracer/shared/glfw-3.1.1/build/CMakeFiles/CMakeTmp

Run Build Command:"/usr/bin/make" "cmTC_56c21/fast"
/usr/bin/make -f CMakeFiles/cmTC_56c21.dir/build.make CMakeFiles/cmTC_56c21.dir/build
make[1]: Entering directory '/home/dtchorni/Documents/New_Raytracer/shared/glfw-3.1.1/build/CMakeFiles/CMakeTmp'
Building C object CMakeFiles/cmTC_56c21.dir/CheckFunctionExists.c.o
/usr/bin/cc   -DCHECK_FUNCTION_EXISTS=glXGetProcAddressEXT   -o CMakeFiles/cmTC_56c21.dir/CheckFunctionExists.c.o   -c /usr/share/cmake-3.10/Modules/CheckFunctionExists.c
Linking C executable cmTC_56c21
/usr/bin/cmake -E cmake_link_script CMakeFiles/cmTC_56c21.dir/link.txt --verbose=1
/usr/bin/cc  -DCHECK_FUNCTION_EXISTS=glXGetProcAddressEXT    -rdynamic CMakeFiles/cmTC_56c21.dir/CheckFunctionExists.c.o  -o cmTC_56c21 /usr/lib/x86_64-linux-gnu/libGL.so 
CMakeFiles/cmTC_56c21.dir/CheckFunctionExists.c.o: In function `main':
CheckFunctionExists.c:(.text+0x10): undefined reference to `glXGetProcAddressEXT'
collect2: error: ld returned 1 exit status
CMakeFiles/cmTC_56c21.dir/build.make:98: recipe for target 'cmTC_56c21' failed
make[1]: *** [cmTC_56c21] Error 1
make[1]: Leaving directory '/home/dtchorni/Documents/New_Raytracer/shared/glfw-3.1.1/build/CMakeFiles/CMakeTmp'
Makefile:126: recipe for target 'cmTC_56c21/fast' failed
make: *** [cmTC_56c21/fast] Error 2


